Loading data finished
Obtained Z
Obtained pos and neg ts
0:00:47.032747
Iterating...
0.1881676423158921%
time elapsed: 0:22:35.616310
0.3763352846317842%
time elapsed: 0:45:23.565571
0.7526705692635683%
time elapsed: 1:31:38.841980
0.9408382115794602%
time elapsed: 1:55:21.680003
1.1290058538953525%
time elapsed: 2:19:01.187218
1.3171734962112445%
time elapsed: 2:41:09.258648
1.5053411385271367%
time elapsed: 2:55:36.036746
1.6935087808430287%
time elapsed: 3:10:04.225972
1.8816764231589205%
time elapsed: 3:26:31.043737
2.069844065474813%
time elapsed: 3:45:13.418429
2.258011707790705%
time elapsed: 4:08:34.068308
2.446179350106597%
time elapsed: 4:36:12.157472
2.634346992422489%
time elapsed: 5:07:07.277676
2.8225146347383814%
time elapsed: 5:38:53.513575
3.0106822770542734%
time elapsed: 6:03:08.026644
3.1988499193701654%
time elapsed: 6:27:39.498333
3.3870175616860574%
time elapsed: 6:42:19.682734
3.5751852040019494%
time elapsed: 6:56:51.306071
3.9515204886337334%
time elapsed: 7:25:53.203655
4.139688130949626%
time elapsed: 7:40:20.857657
4.327855773265518%
time elapsed: 7:54:50.134374
4.704191057897302%
time elapsed: 8:23:55.154722
4.892358700213194%
time elapsed: 8:38:24.774434
5.080526342529086%
time elapsed: 8:52:55.333400
5.268693984844978%
time elapsed: 9:07:27.554826
5.45686162716087%
time elapsed: 9:22:01.152715
5.645029269476763%
time elapsed: 9:36:31.794477
5.833196911792654%
time elapsed: 9:50:59.276802
6.021364554108547%
time elapsed: 10:05:25.813092
6.209532196424439%
time elapsed: 10:19:56.540948
6.397699838740331%
time elapsed: 10:34:25.662555
6.585867481056222%
time elapsed: 10:48:55.211493
6.774035123372115%
time elapsed: 11:03:27.728242
7.150370408003899%
time elapsed: 11:32:27.785458
7.338538050319792%
time elapsed: 11:46:56.263664
7.526705692635682%
time elapsed: 12:01:27.685402
7.714873334951575%
time elapsed: 12:16:01.567315
7.903040977267467%
time elapsed: 12:30:34.262622
8.091208619583359%
time elapsed: 12:45:08.085442
8.279376261899252%
time elapsed: 12:59:45.876802
8.467543904215145%
time elapsed: 13:14:10.842655
8.655711546531036%
time elapsed: 13:28:41.691840
8.843879188846927%
time elapsed: 13:43:13.700042
9.03204683116282%
time elapsed: 13:57:44.623224
9.220214473478713%
time elapsed: 14:12:15.678540
9.408382115794604%
time elapsed: 14:26:46.545982
9.596549758110495%
time elapsed: 14:41:16.901423
9.784717400426388%
time elapsed: 14:55:47.787189
9.97288504274228%
time elapsed: 15:10:19.212133
10.161052685058172%
time elapsed: 15:24:52.175417
10.349220327374065%
time elapsed: 15:39:21.836387
10.537387969689956%
time elapsed: 15:53:50.566945
10.725555612005849%
time elapsed: 16:08:19.347137
10.91372325432174%
time elapsed: 16:22:48.029097
11.290058538953526%
time elapsed: 16:51:45.549181
11.478226181269417%
time elapsed: 17:06:16.537741
11.666393823585308%
time elapsed: 17:20:47.036538
12.042729108217094%
time elapsed: 17:50:04.072722
12.230896750532985%
time elapsed: 18:04:43.638069
12.419064392848878%
time elapsed: 18:19:25.158655
12.60723203516477%
time elapsed: 18:34:07.064627
12.795399677480662%
time elapsed: 18:48:52.684432
12.983567319796553%
time elapsed: 19:03:36.241157
13.171734962112444%
time elapsed: 19:18:19.342657
13.54807024674423%
time elapsed: 19:47:50.707232
13.73623788906012%
time elapsed: 20:02:37.147060
13.924405531376014%
time elapsed: 20:17:20.418522
14.300740816007798%
time elapsed: 20:46:34.528489
14.48890845832369%
time elapsed: 21:01:07.991930
14.677076100639583%
time elapsed: 21:15:43.443709
14.865243742955474%
time elapsed: 21:30:20.945554
15.241579027587257%
time elapsed: 21:59:41.221121
15.42974666990315%
time elapsed: 22:14:16.369523
15.617914312219042%
time elapsed: 22:28:47.336387
15.994249596850826%
time elapsed: 23:01:58.453316
16.182417239166718%
time elapsed: 23:18:17.507053
16.37058488148261%
time elapsed: 23:34:47.908560
16.558752523798503%
time elapsed: 23:49:33.849814
16.746920166114396%
time elapsed: 1 day, 0:05:59.341343
16.93508780843029%
time elapsed: 1 day, 0:24:38.644482
17.12325545074618%
time elapsed: 1 day, 0:42:54.316036
17.31142309306207%
time elapsed: 1 day, 1:01:09.746589
17.49959073537796%
time elapsed: 1 day, 1:19:16.456938
17.687758377693854%
time elapsed: 1 day, 1:35:29.039117
17.875926020009747%
time elapsed: 1 day, 1:52:18.897077
18.06409366232564%
time elapsed: 1 day, 2:08:45.088769
18.252261304641532%
time elapsed: 1 day, 2:26:07.486000
18.440428946957425%
time elapsed: 1 day, 2:43:57.502770
18.628596589273315%
time elapsed: 1 day, 3:02:08.534210
18.816764231589207%
time elapsed: 1 day, 3:20:09.629518
19.19309951622099%
time elapsed: 1 day, 3:56:12.935731
19.381267158536883%
time elapsed: 1 day, 4:11:52.560478
19.569434800852775%
time elapsed: 1 day, 4:27:14.768841
19.94577008548456%
time elapsed: 1 day, 4:59:00.259441
20.13393772780045%
time elapsed: 1 day, 5:15:22.279553
20.322105370116343%
time elapsed: 1 day, 5:31:26.368767
20.510273012432236%
time elapsed: 1 day, 5:47:06.541496
20.69844065474813%
time elapsed: 1 day, 6:02:37.972861
20.886608297064022%
time elapsed: 1 day, 6:18:09.021196
21.07477593937991%
time elapsed: 1 day, 6:33:44.280972
21.262943581695804%
time elapsed: 1 day, 6:49:18.315189
21.639278866327587%
time elapsed: 1 day, 7:20:16.857089
21.82744650864348%
time elapsed: 1 day, 7:35:44.818065
22.015614150959372%
time elapsed: 1 day, 7:51:13.383737
22.203781793275265%
time elapsed: 1 day, 8:06:42.029018
22.391949435591158%
time elapsed: 1 day, 8:22:10.047901
22.58011707790705%
time elapsed: 1 day, 8:37:39.162888
22.768284720222944%
time elapsed: 1 day, 8:53:08.642920
22.956452362538833%
time elapsed: 1 day, 9:08:36.566145
23.332787647170615%
time elapsed: 1 day, 9:39:32.839544
23.52095528948651%
time elapsed: 1 day, 9:55:01.326661
23.7091229318024%
time elapsed: 1 day, 10:10:30.177356
24.085458216434187%
time elapsed: 1 day, 10:41:26.968928
24.273625858750076%
time elapsed: 1 day, 10:56:55.161271
24.46179350106597%
time elapsed: 1 day, 11:12:22.767408
24.649961143381862%
time elapsed: 1 day, 11:27:50.053329
24.838128785697755%
time elapsed: 1 day, 11:43:16.804205
25.026296428013644%
time elapsed: 1 day, 11:58:45.271597
25.21446407032954%
time elapsed: 1 day, 12:14:17.898464
25.590799354961323%
time elapsed: 1 day, 12:45:26.909591
25.778966997277212%
time elapsed: 1 day, 13:01:16.102519
25.967134639593105%
time elapsed: 1 day, 13:16:50.469117
26.155302281908998%
time elapsed: 1 day, 13:32:26.403406
26.343469924224888%
time elapsed: 1 day, 13:48:03.798202
26.531637566540784%
time elapsed: 1 day, 14:03:37.710350
26.719805208856673%
time elapsed: 1 day, 14:19:09.973819
26.907972851172566%
time elapsed: 1 day, 14:34:46.357795
27.09614049348846%
time elapsed: 1 day, 14:50:21.105264
27.284308135804352%
time elapsed: 1 day, 15:05:54.056975
27.47247577812024%
time elapsed: 1 day, 15:21:28.045976
27.660643420436138%
time elapsed: 1 day, 15:37:02.768119
27.848811062752027%
time elapsed: 1 day, 15:52:38.647145
28.036978705067916%
time elapsed: 1 day, 16:08:15.837795
28.225146347383813%
time elapsed: 1 day, 16:23:56.962631
28.413313989699702%
time elapsed: 1 day, 16:39:32.495113
28.789649274331484%
time elapsed: 1 day, 17:10:45.072755
28.97781691664738%
time elapsed: 1 day, 17:26:21.733480
29.16598455896327%
time elapsed: 1 day, 17:41:57.553908
29.354152201279167%
time elapsed: 1 day, 17:57:32.554377
29.542319843595056%
time elapsed: 1 day, 18:13:12.313171
29.73048748591095%
time elapsed: 1 day, 18:28:50.710981
29.91865512822684%
time elapsed: 1 day, 18:44:27.527519
30.106822770542728%
time elapsed: 1 day, 19:00:01.688321
30.483158055174513%
time elapsed: 1 day, 19:31:17.151772
30.67132569749041%
time elapsed: 1 day, 19:47:00.387272
30.8594933398063%
time elapsed: 1 day, 20:02:39.619845
31.235828624438085%
time elapsed: 1 day, 20:33:54.819704
31.423996266753978%
time elapsed: 1 day, 20:49:30.696977
31.612163909069867%
time elapsed: 1 day, 21:05:03.754062
31.800331551385764%
time elapsed: 1 day, 21:20:48.797891
31.988499193701653%
time elapsed: 1 day, 21:36:26.610792
32.176666836017546%
time elapsed: 1 day, 21:52:03.916156
32.364834478333435%
time elapsed: 1 day, 22:07:42.764811
32.553002120649325%
time elapsed: 1 day, 22:23:19.962039
32.74116976296522%
time elapsed: 1 day, 22:38:56.625394
32.92933740528111%
time elapsed: 1 day, 22:54:33.543436
33.11750504759701%
time elapsed: 1 day, 23:10:08.363042
33.305672689912896%
time elapsed: 1 day, 23:25:45.382548
33.49384033222879%
time elapsed: 1 day, 23:41:19.955236
33.68200797454468%
time elapsed: 1 day, 23:56:55.250105
33.87017561686058%
time elapsed: 2 days, 0:12:29.139891
34.05834325917647%
time elapsed: 2 days, 0:28:02.219892
34.24651090149236%
time elapsed: 2 days, 0:43:37.110541
34.43467854380825%
time elapsed: 2 days, 0:59:13.200060
34.62284618612414%
time elapsed: 2 days, 1:14:47.890448
34.81101382844003%
time elapsed: 2 days, 1:30:21.221697
34.99918147075592%
time elapsed: 2 days, 1:45:53.433660
35.18734911307182%
time elapsed: 2 days, 2:01:31.939114
35.37551675538771%
time elapsed: 2 days, 2:17:10.801568
35.563684397703604%
time elapsed: 2 days, 2:32:47.308399
35.75185204001949%
time elapsed: 2 days, 2:48:26.581909
36.12818732465128%
time elapsed: 2 days, 3:19:52.397146
36.31635496696717%
time elapsed: 2 days, 3:35:39.083689
36.504522609283065%
time elapsed: 2 days, 3:51:24.948423
36.692690251598954%
time elapsed: 2 days, 4:07:25.171380
36.88085789391485%
time elapsed: 2 days, 4:33:49.378658
37.06902553623074%
time elapsed: 2 days, 5:00:25.462144
37.25719317854663%
time elapsed: 2 days, 5:26:57.532818
37.445360820862525%
time elapsed: 2 days, 5:47:08.673003
37.633528463178415%
time elapsed: 2 days, 6:02:43.822697
37.821696105494304%
time elapsed: 2 days, 6:18:19.646438
38.00986374781019%
time elapsed: 2 days, 6:33:57.030080
38.19803139012609%
time elapsed: 2 days, 6:49:34.356401
38.38619903244198%
time elapsed: 2 days, 7:05:11.663627
38.574366674757876%
time elapsed: 2 days, 7:20:45.844862
38.762534317073765%
time elapsed: 2 days, 7:36:21.970325
38.95070195938966%
time elapsed: 2 days, 7:51:56.193385
39.13886960170555%
time elapsed: 2 days, 8:07:32.468493
39.32703724402145%
time elapsed: 2 days, 8:23:09.322581
39.51520488633734%
time elapsed: 2 days, 8:38:42.826622
39.70337252865323%
time elapsed: 2 days, 8:54:17.015766
40.07970781328501%
time elapsed: 2 days, 9:25:29.070925
40.2678754556009%
time elapsed: 2 days, 9:41:05.101803
40.45604309791679%
time elapsed: 2 days, 9:56:39.367429
40.832378382548576%
time elapsed: 2 days, 10:27:55.879288
41.02054602486447%
time elapsed: 2 days, 10:43:31.962274
41.20871366718036%
time elapsed: 2 days, 10:59:07.807958
41.39688130949626%
time elapsed: 2 days, 11:14:43.746258
41.58504895181215%
time elapsed: 2 days, 11:30:21.699675
41.773216594128044%
time elapsed: 2 days, 11:46:08.642354
41.961384236443934%
time elapsed: 2 days, 12:01:45.368097
42.14955187875982%
time elapsed: 2 days, 12:17:21.569955
42.33771952107572%
time elapsed: 2 days, 12:32:59.786628
42.52588716339161%
time elapsed: 2 days, 12:48:36.465374
42.714054805707505%
time elapsed: 2 days, 13:04:21.975616
42.902222448023394%
time elapsed: 2 days, 13:19:56.549114
43.27855773265517%
time elapsed: 2 days, 13:51:09.111373
43.46672537497107%
time elapsed: 2 days, 14:06:44.262482
43.65489301728696%
time elapsed: 2 days, 14:22:19.691668
43.843060659602855%
time elapsed: 2 days, 14:37:55.781412
44.031228301918745%
time elapsed: 2 days, 14:53:33.456916
44.219395944234634%
time elapsed: 2 days, 15:09:07.735546
44.40756358655053%
time elapsed: 2 days, 15:24:41.755814
44.59573122886642%
time elapsed: 2 days, 15:40:15.970707
44.783898871182316%
time elapsed: 2 days, 15:55:52.209120
44.972066513498206%
time elapsed: 2 days, 16:11:29.822837
45.1602341558141%
time elapsed: 2 days, 16:27:10.575274
45.34840179812999%
time elapsed: 2 days, 16:42:48.330721
45.72473708276178%
time elapsed: 2 days, 17:14:17.404503
45.91290472507767%
time elapsed: 2 days, 17:30:00.670953
46.101072367393556%
time elapsed: 2 days, 17:45:44.957447
46.289240009709445%
time elapsed: 2 days, 18:01:33.785543
46.47740765202534%
time elapsed: 2 days, 18:17:20.052037
46.66557529434123%
time elapsed: 2 days, 18:33:06.459151
46.85374293665713%
time elapsed: 2 days, 18:48:51.562627
47.04191057897302%
time elapsed: 2 days, 19:04:39.487052
47.23007822128891%
time elapsed: 2 days, 19:20:22.295933
47.4182458636048%
time elapsed: 2 days, 19:36:08.810957
47.6064135059207%
time elapsed: 2 days, 19:51:56.958132
47.79458114823659%
time elapsed: 2 days, 20:07:46.245084
48.170916432868374%
time elapsed: 2 days, 20:39:20.087602
48.35908407518426%
time elapsed: 2 days, 20:55:05.336145
48.54725171750015%
time elapsed: 2 days, 21:10:46.125291
48.92358700213194%
time elapsed: 2 days, 21:42:02.063514
49.11175464444783%
time elapsed: 2 days, 21:57:37.989371
49.299922286763724%
time elapsed: 2 days, 22:14:18.558006
49.488089929079614%
time elapsed: 2 days, 22:30:46.848568
49.67625757139551%
time elapsed: 2 days, 22:46:25.241487
49.8644252137114%
time elapsed: 2 days, 23:02:07.294787
50.05259285602729%
time elapsed: 2 days, 23:17:45.368735
50.42892814065908%
time elapsed: 2 days, 23:49:04.894434
50.617095782974964%
time elapsed: 3 days, 0:04:45.173609
50.80526342529086%
time elapsed: 3 days, 0:20:23.876254
50.99343106760676%
time elapsed: 3 days, 0:36:02.674439
51.369766352238535%
time elapsed: 3 days, 1:07:27.408728
51.557933994554425%
time elapsed: 3 days, 1:23:04.335049
51.74610163687032%
time elapsed: 3 days, 1:39:48.104912
52.1224369215021%
time elapsed: 3 days, 2:26:38.512732
52.310604563817996%
time elapsed: 3 days, 2:52:43.024562
52.49877220613389%
time elapsed: 3 days, 3:18:44.365633
52.686939848449775%
time elapsed: 3 days, 3:43:38.238404
52.87510749076567%
time elapsed: 3 days, 4:09:15.195206
53.06327513308157%
time elapsed: 3 days, 4:28:51.973719
53.251442775397464%
time elapsed: 3 days, 4:43:53.971501
53.43961041771335%
time elapsed: 3 days, 4:58:57.198091
53.62777806002924%
time elapsed: 3 days, 5:14:00.703931
53.81594570234513%
time elapsed: 3 days, 5:29:03.881118
54.00411334466102%
time elapsed: 3 days, 5:44:07.028572
54.19228098697692%
time elapsed: 3 days, 5:59:07.942856
54.38044862929281%
time elapsed: 3 days, 6:14:11.231393
54.568616271608704%
time elapsed: 3 days, 6:29:13.756013
54.756783913924586%
time elapsed: 3 days, 6:44:14.593272
54.94495155624048%
time elapsed: 3 days, 6:59:14.949389
55.321286840872276%
time elapsed: 3 days, 7:29:19.862975
55.50945448318816%
time elapsed: 3 days, 7:44:21.898376
55.697622125504054%
time elapsed: 3 days, 7:59:35.579482
56.07395741013583%
time elapsed: 3 days, 8:29:39.419903
56.26212505245173%
time elapsed: 3 days, 8:44:39.590893
56.450292694767626%
time elapsed: 3 days, 8:59:38.368369
56.638460337083515%
time elapsed: 3 days, 9:14:38.884408
56.826627979399404%
time elapsed: 3 days, 9:29:40.620446
57.014795621715294%
time elapsed: 3 days, 9:44:42.190470
57.20296326403119%
time elapsed: 3 days, 9:59:43.664069
57.39113090634709%
time elapsed: 3 days, 10:14:42.542802
57.767466190978865%
time elapsed: 3 days, 10:44:46.290939
57.95563383329476%
time elapsed: 3 days, 10:59:46.724332
58.143801475610644%
time elapsed: 3 days, 11:14:48.120440
58.33196911792654%
time elapsed: 3 days, 11:29:51.730602
58.52013676024244%
time elapsed: 3 days, 11:44:50.128546
58.70830440255833%
time elapsed: 3 days, 11:59:50.317559
58.896472044874216%
time elapsed: 3 days, 12:14:49.958034
59.08463968719011%
time elapsed: 3 days, 12:29:49.142039
59.27280732950601%
time elapsed: 3 days, 12:44:49.730627
59.4609749718219%
time elapsed: 3 days, 13:00:04.980433
59.64914261413779%
time elapsed: 3 days, 13:15:03.349099
59.83731025645368%
time elapsed: 3 days, 13:30:00.165377
60.213645541085455%
time elapsed: 3 days, 13:59:57.613541
60.40181318340135%
time elapsed: 3 days, 14:14:55.713390
60.58998082571725%
time elapsed: 3 days, 14:29:55.897892
60.778148468033145%
time elapsed: 3 days, 14:44:56.189793
60.96631611034903%
time elapsed: 3 days, 14:59:57.896815
61.15448375266492%
time elapsed: 3 days, 15:14:56.638491
61.34265139498082%
time elapsed: 3 days, 15:29:56.560232
61.530819037296716%
time elapsed: 3 days, 15:44:55.452986
61.7189866796126%
time elapsed: 3 days, 15:59:55.956708
61.907154321928495%
time elapsed: 3 days, 16:14:55.334422
62.09532196424439%
time elapsed: 3 days, 16:29:57.861095
62.28348960656027%
time elapsed: 3 days, 16:44:55.590073
62.65982489119206%
time elapsed: 3 days, 17:14:51.868453
62.847992533507956%
time elapsed: 3 days, 17:29:51.449027
63.03616017582384%
time elapsed: 3 days, 17:44:48.357030
63.224327818139734%
time elapsed: 3 days, 17:59:48.201043
63.41249546045563%
time elapsed: 3 days, 18:14:48.200345
63.60066310277153%
time elapsed: 3 days, 18:29:50.483507
63.78883074508741%
time elapsed: 3 days, 18:44:55.436986
63.976998387403306%
time elapsed: 3 days, 18:59:59.409081
64.1651660297192%
time elapsed: 3 days, 19:15:02.178125
64.35333367203509%
time elapsed: 3 days, 19:30:03.370859
64.54150131435098%
time elapsed: 3 days, 19:45:06.371836
64.91783659898277%
time elapsed: 3 days, 20:15:13.290373
65.10600424129865%
time elapsed: 3 days, 20:30:14.625011
65.29417188361455%
time elapsed: 3 days, 20:45:12.466405
65.48233952593044%
time elapsed: 3 days, 21:00:12.280056
65.67050716824635%
time elapsed: 3 days, 21:15:13.639012
65.85867481056222%
time elapsed: 3 days, 21:30:14.978251
66.04684245287812%
time elapsed: 3 days, 21:45:15.147618
66.23501009519401%
time elapsed: 3 days, 22:00:14.645246
66.61134537982579%
time elapsed: 3 days, 22:30:10.253710
66.79951302214168%
time elapsed: 3 days, 22:45:05.069999
66.98768066445759%
time elapsed: 3 days, 23:00:01.323184
67.36401594908936%
time elapsed: 3 days, 23:29:56.887873
67.55218359140525%
time elapsed: 3 days, 23:44:53.613642
67.74035123372116%
time elapsed: 3 days, 23:59:50.927247
67.92851887603703%
time elapsed: 4 days, 0:14:44.967165
68.11668651835294%
time elapsed: 4 days, 0:29:41.416446
68.30485416066882%
time elapsed: 4 days, 0:44:37.784900
68.49302180298471%
time elapsed: 4 days, 0:59:33.632616
68.6811894453006%
time elapsed: 4 days, 1:14:29.612401
68.8693570876165%
time elapsed: 4 days, 1:29:28.061211
69.0575247299324%
time elapsed: 4 days, 1:44:26.010013
69.24569237224829%
time elapsed: 4 days, 1:59:22.547995
69.43386001456417%
time elapsed: 4 days, 2:14:21.839490
69.62202765688006%
time elapsed: 4 days, 2:29:17.813567
69.81019529919597%
time elapsed: 4 days, 2:44:12.871127
69.99836294151184%
time elapsed: 4 days, 2:59:09.467424
70.18653058382775%
time elapsed: 4 days, 3:14:03.817914
70.56286586845953%
time elapsed: 4 days, 3:43:57.623138
70.75103351077541%
time elapsed: 4 days, 3:58:55.772416
70.93920115309132%
time elapsed: 4 days, 4:13:55.113126
71.12736879540721%
time elapsed: 4 days, 4:28:57.856027
71.3155364377231%
time elapsed: 4 days, 4:43:59.240328
71.50370408003899%
time elapsed: 4 days, 4:59:00.984606
71.69187172235489%
time elapsed: 4 days, 5:14:03.562322
71.88003936467078%
time elapsed: 4 days, 5:29:06.887240
72.25637464930256%
time elapsed: 4 days, 5:59:12.520779
72.44454229161845%
time elapsed: 4 days, 6:14:15.583116
72.63270993393434%
time elapsed: 4 days, 6:29:20.624950
72.82087757625023%
time elapsed: 4 days, 6:44:24.549166
73.00904521856613%
time elapsed: 4 days, 6:59:27.157193
73.19721286088202%
time elapsed: 4 days, 7:14:28.650371
73.38538050319791%
time elapsed: 4 days, 7:29:30.901187
73.5735481455138%
time elapsed: 4 days, 7:44:31.730164
73.7617157878297%
time elapsed: 4 days, 7:59:32.535645
73.94988343014558%
time elapsed: 4 days, 8:14:31.684200
74.13805107246148%
time elapsed: 4 days, 8:29:31.681699
74.32621871477737%
time elapsed: 4 days, 8:44:30.862665
74.70255399940915%
time elapsed: 4 days, 9:14:26.369193
74.89072164172505%
time elapsed: 4 days, 9:29:23.603439
75.07888928404094%
time elapsed: 4 days, 9:44:22.723489
75.26705692635683%
time elapsed: 4 days, 9:59:27.653630
75.45522456867272%
time elapsed: 4 days, 10:14:30.321696
75.64339221098861%
time elapsed: 4 days, 10:29:32.258555
75.83155985330451%
time elapsed: 4 days, 10:44:35.121033
76.20789513793629%
time elapsed: 4 days, 11:14:41.533514
76.39606278025218%
time elapsed: 4 days, 11:29:42.167919
76.58423042256808%
time elapsed: 4 days, 11:44:44.489977
76.96056570719986%
time elapsed: 4 days, 12:14:49.425414
77.14873334951575%
time elapsed: 4 days, 12:29:52.752851
77.33690099183164%
time elapsed: 4 days, 12:44:52.462640
77.52506863414753%
time elapsed: 4 days, 12:58:44.247213
77.71323627646342%
time elapsed: 4 days, 13:12:18.793875
77.90140391877932%
time elapsed: 4 days, 13:25:51.865461
78.08957156109521%
time elapsed: 4 days, 13:39:32.929648
78.2777392034111%
time elapsed: 4 days, 13:53:07.312431
78.46590684572699%
time elapsed: 4 days, 14:06:44.643310
78.6540744880429%
time elapsed: 4 days, 14:20:19.619980
78.84224213035877%
time elapsed: 4 days, 14:33:53.901741
79.03040977267467%
time elapsed: 4 days, 14:47:26.447749
79.40674505730647%
time elapsed: 4 days, 15:14:58.658462
79.59491269962234%
time elapsed: 4 days, 15:30:06.849284
79.78308034193824%
time elapsed: 4 days, 15:45:10.204432
79.97124798425413%
time elapsed: 4 days, 16:00:09.797020
80.15941562657002%
time elapsed: 4 days, 16:15:12.339977
80.34758326888591%
time elapsed: 4 days, 16:30:11.554616
80.5357509112018%
time elapsed: 4 days, 16:45:12.090508
80.7239185535177%
time elapsed: 4 days, 17:00:10.911958
80.91208619583358%
time elapsed: 4 days, 17:15:13.358626
81.10025383814948%
time elapsed: 4 days, 17:30:14.454274
81.28842148046537%
time elapsed: 4 days, 17:45:18.375703
81.47658912278128%
time elapsed: 4 days, 18:00:25.154194
81.85292440741306%
time elapsed: 4 days, 18:30:32.941588
82.04109204972895%
time elapsed: 4 days, 18:45:34.828423
82.22925969204483%
time elapsed: 4 days, 19:00:39.755540
82.60559497667663%
time elapsed: 4 days, 19:31:00.011452
82.79376261899252%
time elapsed: 4 days, 19:46:07.111814
82.9819302613084%
time elapsed: 4 days, 20:01:12.490869
83.1700979036243%
time elapsed: 4 days, 20:16:19.419100
83.35826554594018%
time elapsed: 4 days, 20:31:24.308818
83.54643318825609%
time elapsed: 4 days, 20:46:30.286708
83.73460083057196%
time elapsed: 4 days, 21:01:41.062558
83.92276847288787%
time elapsed: 4 days, 21:16:46.698580
84.11093611520376%
time elapsed: 4 days, 21:31:53.008570
84.29910375751965%
time elapsed: 4 days, 21:46:58.649939
84.48727139983554%
time elapsed: 4 days, 22:02:02.276922
84.67543904215144%
time elapsed: 4 days, 22:17:06.316935
85.05177432678322%
time elapsed: 4 days, 22:47:22.453724
85.2399419690991%
time elapsed: 4 days, 23:02:27.441498
85.42810961141501%
time elapsed: 4 days, 23:17:33.298065
85.6162772537309%
time elapsed: 4 days, 23:32:37.765965
85.80444489604679%
time elapsed: 4 days, 23:47:39.818594
85.99261253836268%
time elapsed: 5 days, 0:02:41.774722
86.18078018067857%
time elapsed: 5 days, 0:17:43.417478
86.36894782299446%
time elapsed: 5 days, 0:32:44.987643
86.74528310762625%
time elapsed: 5 days, 1:02:53.559507
86.93345074994214%
time elapsed: 5 days, 1:17:55.023412
87.12161839225803%
time elapsed: 5 days, 1:32:57.391749
87.30978603457392%
time elapsed: 5 days, 1:47:59.475908
87.49795367688982%
time elapsed: 5 days, 2:03:05.006311
87.68612131920571%
time elapsed: 5 days, 2:18:11.370990
87.8742889615216%
time elapsed: 5 days, 2:33:21.406041
88.2506242461534%
time elapsed: 5 days, 3:03:41.267833
88.43879188846927%
time elapsed: 5 days, 3:18:50.583081
88.62695953078517%
time elapsed: 5 days, 3:34:00.807944
88.81512717310106%
time elapsed: 5 days, 3:49:11.119750
89.00329481541695%
time elapsed: 5 days, 4:06:48.723872
89.19146245773284%
time elapsed: 5 days, 4:22:30.449702
89.37963010004873%
time elapsed: 5 days, 4:38:08.971246
89.56779774236463%
time elapsed: 5 days, 4:53:43.049687
89.75596538468052%
time elapsed: 5 days, 5:09:19.192470
89.94413302699641%
time elapsed: 5 days, 5:24:53.440547
90.1323006693123%
time elapsed: 5 days, 5:40:24.742366
90.3204683116282%
time elapsed: 5 days, 5:55:55.890421
90.50863595394408%
time elapsed: 5 days, 6:11:32.419113
90.69680359625998%
time elapsed: 5 days, 6:27:06.858363
90.88497123857587%
time elapsed: 5 days, 6:42:45.233929
91.07313888089178%
time elapsed: 5 days, 6:58:20.362222
91.44947416552355%
time elapsed: 5 days, 7:29:27.462845
91.63764180783944%
time elapsed: 5 days, 7:45:00.539000
91.82580945015533%
time elapsed: 5 days, 8:00:30.591062
92.20214473478711%
time elapsed: 5 days, 8:31:32.204491
92.39031237710302%
time elapsed: 5 days, 8:47:03.244548
92.57848001941889%
time elapsed: 5 days, 9:02:32.584938
92.7666476617348%
time elapsed: 5 days, 9:18:01.429788
92.95481530405068%
time elapsed: 5 days, 9:33:42.214604
93.14298294636659%
time elapsed: 5 days, 9:49:09.781742
93.33115058868246%
time elapsed: 5 days, 10:04:23.101961
93.51931823099837%
time elapsed: 5 days, 10:19:49.897702
93.89565351563014%
time elapsed: 5 days, 10:50:52.334959
94.08382115794603%
time elapsed: 5 days, 11:06:21.085648
94.27198880026194%
time elapsed: 5 days, 11:21:47.829743
94.64832408489372%
time elapsed: 5 days, 11:52:42.922958
94.8364917272096%
time elapsed: 5 days, 12:08:13.293352
95.0246593695255%
time elapsed: 5 days, 12:23:43.618421
95.2128270118414%
time elapsed: 5 days, 12:39:13.948623
95.40099465415727%
time elapsed: 5 days, 12:54:45.959247
95.58916229647318%
time elapsed: 5 days, 13:10:13.971932
95.77732993878907%
time elapsed: 5 days, 13:25:48.630045
95.96549758110496%
time elapsed: 5 days, 13:41:16.543447
96.15366522342084%
time elapsed: 5 days, 13:56:43.381451
96.34183286573675%
time elapsed: 5 days, 14:12:12.902868
96.53000050805264%
time elapsed: 5 days, 14:27:40.864127
96.71816815036853%
time elapsed: 5 days, 14:43:09.392949
96.90633579268442%
time elapsed: 5 days, 14:58:37.531774
97.0945034350003%
time elapsed: 5 days, 15:14:06.971559
97.28267107731621%
time elapsed: 5 days, 15:29:33.121391
97.4708387196321%
time elapsed: 5 days, 15:45:01.167563
97.65900636194799%
time elapsed: 5 days, 16:00:28.968332
97.84717400426388%
time elapsed: 5 days, 16:16:00.726344
98.03534164657977%
time elapsed: 5 days, 16:31:29.870197
98.22350928889566%
time elapsed: 5 days, 16:46:58.765044
98.41167693121156%
time elapsed: 5 days, 17:02:25.721770
98.78801221584334%
time elapsed: 5 days, 17:33:24.517542
98.97617985815923%
time elapsed: 5 days, 17:49:02.292451
99.16434750047513%
time elapsed: 5 days, 18:04:40.440427
99.54068278510691%
time elapsed: 5 days, 18:35:48.629576
99.7288504274228%
time elapsed: 5 days, 18:51:22.379098
99.91701806973869%
time elapsed: 5 days, 19:06:57.455044
100.10518571205458%
time elapsed: 5 days, 19:22:31.346436
100.29335335437048%
time elapsed: 5 days, 19:38:08.504765
100.48152099668637%
time elapsed: 5 days, 19:53:41.544228
100.66968863900226%
time elapsed: 5 days, 20:09:15.546622
101.04602392363404%
time elapsed: 5 days, 20:40:12.610339
101.23419156594993%
time elapsed: 5 days, 20:55:26.718968
101.42235920826583%
time elapsed: 5 days, 21:10:40.760831
101.61052685058172%
time elapsed: 5 days, 21:25:57.033040
101.79869449289762%
time elapsed: 5 days, 21:41:13.311938
101.98686213521351%
time elapsed: 5 days, 21:56:51.558186
102.17502977752939%
time elapsed: 5 days, 22:12:10.057164
102.36319741984529%
time elapsed: 5 days, 22:27:24.913047
102.73953270447707%
time elapsed: 5 days, 22:57:55.782833
102.92770034679297%
time elapsed: 5 days, 23:13:07.723527
103.11586798910885%
time elapsed: 5 days, 23:28:20.972492
103.49220327374064%
time elapsed: 5 days, 23:58:46.447979
103.68037091605653%
time elapsed: 6 days, 0:13:57.908521
103.86853855837242%
time elapsed: 6 days, 0:29:07.832695
104.05670620068832%
time elapsed: 6 days, 0:44:18.627149
104.2448738430042%
time elapsed: 6 days, 0:59:33.435109
104.4330414853201%
time elapsed: 6 days, 1:14:45.812314
104.62120912763599%
time elapsed: 6 days, 1:29:58.423621
104.80937676995188%
time elapsed: 6 days, 1:45:11.189059
104.99754441226779%
time elapsed: 6 days, 2:00:27.359758
105.18571205458368%
time elapsed: 6 days, 2:15:40.645691
105.37387969689955%
time elapsed: 6 days, 2:30:54.761883
105.56204733921545%
time elapsed: 6 days, 2:46:07.503112
105.75021498153134%
time elapsed: 6 days, 3:02:38.858363
105.93838262384723%
time elapsed: 6 days, 3:19:57.280325
106.12655026616314%
time elapsed: 6 days, 3:36:47.280780
106.31471790847901%
time elapsed: 6 days, 4:03:38.172927
106.6910531931108%
time elapsed: 6 days, 4:56:49.581473
106.8792208354267%
time elapsed: 6 days, 5:23:39.865071
107.0673884777426%
time elapsed: 6 days, 5:47:46.071720
107.44372376237436%
time elapsed: 6 days, 6:31:20.106844
107.63189140469026%
time elapsed: 6 days, 6:46:17.049689
107.82005904700615%
time elapsed: 6 days, 7:01:10.616103
108.00822668932204%
time elapsed: 6 days, 7:16:04.327626
108.38456197395384%
time elapsed: 6 days, 7:45:53.401686
108.57272961626974%
time elapsed: 6 days, 8:00:43.574462
108.76089725858562%
time elapsed: 6 days, 8:15:35.160566
108.9490649009015%
time elapsed: 6 days, 8:30:24.919667
109.13723254321741%
time elapsed: 6 days, 8:45:15.054974
109.3254001855333%
time elapsed: 6 days, 9:00:04.397960
109.51356782784917%
time elapsed: 6 days, 9:14:52.667566
109.70173547016509%
time elapsed: 6 days, 9:29:22.478246
109.88990311248097%
time elapsed: 6 days, 9:44:12.886863
110.07807075479685%
time elapsed: 6 days, 9:59:00.710328
110.26623839711276%
time elapsed: 6 days, 10:13:31.429396
110.45440603942865%
time elapsed: 6 days, 10:28:05.399464
110.83074132406043%
time elapsed: 6 days, 10:57:42.139664
111.01890896637632%
time elapsed: 6 days, 11:12:30.175123
111.20707660869222%
time elapsed: 6 days, 11:27:16.582649
111.583411893324%
time elapsed: 6 days, 11:56:24.699155
111.7715795356399%
time elapsed: 6 days, 12:11:11.240448
111.95974717795578%
time elapsed: 6 days, 12:26:02.085007
112.14791482027167%
time elapsed: 6 days, 12:41:00.950381
112.33608246258757%
time elapsed: 6 days, 12:55:57.320259
6 days, 13:08:51.199554
Finished iterations, saving results
