Loading data finished
Obtained Z
Obtained pos and neg ts
0:00:47.730830
Iterating...
0.1881676423158921%
time elapsed: 0:14:00.315611
0.3763352846317842%
time elapsed: 0:27:15.544838
0.7526705692635683%
time elapsed: 0:53:36.075440
0.9408382115794602%
time elapsed: 1:06:46.037350
1.1290058538953525%
time elapsed: 1:21:37.186802
1.3171734962112445%
time elapsed: 1:34:57.100050
1.5053411385271367%
time elapsed: 1:48:01.947325
1.6935087808430287%
time elapsed: 2:00:49.458844
1.8816764231589205%
time elapsed: 2:13:36.148788
2.069844065474813%
time elapsed: 2:26:25.022483
2.258011707790705%
time elapsed: 2:39:20.055058
2.446179350106597%
time elapsed: 2:52:14.801061
2.634346992422489%
time elapsed: 3:05:07.877501
2.8225146347383814%
time elapsed: 3:17:57.843941
3.0106822770542734%
time elapsed: 3:30:49.874502
3.1988499193701654%
time elapsed: 3:43:42.900055
3.3870175616860574%
time elapsed: 3:56:35.408023
3.5751852040019494%
time elapsed: 4:09:25.558609
3.9515204886337334%
time elapsed: 4:35:12.313987
4.139688130949626%
time elapsed: 4:48:05.265915
4.327855773265518%
time elapsed: 5:00:55.197070
4.704191057897302%
time elapsed: 5:26:46.120164
4.892358700213194%
time elapsed: 4:39:38.680778
5.080526342529086%
time elapsed: 4:52:30.436352
5.268693984844978%
time elapsed: 5:05:24.342040
5.45686162716087%
time elapsed: 5:18:16.770438
5.645029269476763%
time elapsed: 5:31:08.802602
5.833196911792654%
time elapsed: 5:44:01.655669
6.021364554108547%
time elapsed: 5:56:54.100790
6.209532196424439%
time elapsed: 6:09:48.498110
6.397699838740331%
time elapsed: 6:22:39.997081
6.585867481056222%
time elapsed: 6:35:30.914995
6.774035123372115%
time elapsed: 6:48:21.978971
7.150370408003899%
time elapsed: 7:14:04.902973
7.338538050319792%
time elapsed: 7:26:58.320068
7.526705692635682%
time elapsed: 7:39:49.060043
7.714873334951575%
time elapsed: 7:52:40.377100
7.903040977267467%
time elapsed: 8:05:31.507230
8.091208619583359%
time elapsed: 8:18:24.408477
8.279376261899252%
time elapsed: 8:31:19.423748
8.467543904215145%
time elapsed: 8:44:13.851626
8.655711546531036%
time elapsed: 8:57:08.480429
8.843879188846927%
time elapsed: 9:09:58.217965
9.03204683116282%
time elapsed: 9:22:55.905607
9.220214473478713%
time elapsed: 9:35:47.431308
9.408382115794604%
time elapsed: 9:48:37.783609
9.596549758110495%
time elapsed: 10:01:25.067574
9.784717400426388%
time elapsed: 10:14:16.035698
9.97288504274228%
time elapsed: 10:27:08.458292
10.161052685058172%
time elapsed: 10:40:00.985311
10.349220327374065%
time elapsed: 10:52:52.159605
10.537387969689956%
time elapsed: 11:05:45.155638
10.725555612005849%
time elapsed: 11:18:37.939233
10.91372325432174%
time elapsed: 11:31:30.900587
11.290058538953526%
time elapsed: 11:57:16.449653
11.478226181269417%
time elapsed: 12:10:09.970535
11.666393823585308%
time elapsed: 12:23:00.662693
12.042729108217094%
time elapsed: 12:48:45.752056
12.230896750532985%
time elapsed: 13:01:39.510470
12.419064392848878%
time elapsed: 13:14:30.466784
12.60723203516477%
time elapsed: 13:27:23.716018
12.795399677480662%
time elapsed: 13:40:19.527277
12.983567319796553%
time elapsed: 13:54:14.477972
13.171734962112444%
time elapsed: 14:08:39.990081
13.54807024674423%
time elapsed: 14:38:06.211266
13.73623788906012%
time elapsed: 14:52:42.974387
13.924405531376014%
time elapsed: 15:08:03.906420
14.300740816007798%
time elapsed: 15:35:15.330314
14.48890845832369%
time elapsed: 15:48:06.637392
14.677076100639583%
time elapsed: 16:01:18.736654
14.865243742955474%
time elapsed: 16:14:23.847200
15.241579027587257%
time elapsed: 16:42:51.214290
15.42974666990315%
time elapsed: 16:56:01.089916
15.617914312219042%
time elapsed: 17:08:55.169400
15.994249596850826%
time elapsed: 17:35:44.716210
16.182417239166718%
time elapsed: 17:49:34.491632
16.37058488148261%
time elapsed: 18:03:35.090856
16.558752523798503%
time elapsed: 18:16:48.470170
16.746920166114396%
time elapsed: 18:29:56.665472
16.93508780843029%
time elapsed: 18:46:50.130313
17.12325545074618%
time elapsed: 19:07:56.397091
17.31142309306207%
time elapsed: 19:27:18.102850
17.49959073537796%
time elapsed: 19:43:49.521628
