Loading data finished
Obtained Z
Obtained pos and neg ts
0:01:00.388866
Iterating...
0.1881676423158921%
time elapsed: 0:12:02.763090
0.3763352846317842%
time elapsed: 0:23:07.581001
0.7526705692635683%
time elapsed: 0:45:19.620498
0.9408382115794602%
time elapsed: 0:56:23.858747
1.1290058538953525%
time elapsed: 1:07:29.320367
1.3171734962112445%
time elapsed: 1:18:34.575606
1.5053411385271367%
time elapsed: 1:29:39.916600
1.6935087808430287%
time elapsed: 1:40:45.147435
1.8816764231589205%
time elapsed: 1:51:49.844873
2.069844065474813%
time elapsed: 2:02:55.627686
2.258011707790705%
time elapsed: 2:14:01.469835
2.446179350106597%
time elapsed: 2:25:07.201541
2.634346992422489%
time elapsed: 2:36:11.733068
2.8225146347383814%
time elapsed: 2:47:16.459957
3.0106822770542734%
time elapsed: 2:58:22.940630
3.1988499193701654%
time elapsed: 3:09:28.401765
3.3870175616860574%
time elapsed: 3:20:33.610995
3.5751852040019494%
time elapsed: 3:31:38.236469
3.9515204886337334%
time elapsed: 3:53:49.559267
4.139688130949626%
time elapsed: 4:04:55.081522
4.327855773265518%
time elapsed: 4:15:58.767598
4.704191057897302%
time elapsed: 4:38:10.201358
4.892358700213194%
time elapsed: 4:49:16.163741
5.080526342529086%
time elapsed: 5:00:21.965926
5.268693984844978%
time elapsed: 5:11:26.551460
5.45686162716087%
time elapsed: 5:22:32.733839
5.645029269476763%
time elapsed: 5:33:37.248757
5.833196911792654%
time elapsed: 5:44:42.839156
6.021364554108547%
time elapsed: 5:55:47.877600
6.209532196424439%
time elapsed: 6:06:53.931737
6.397699838740331%
time elapsed: 6:17:59.060666
6.585867481056222%
time elapsed: 6:29:04.166633
6.774035123372115%
time elapsed: 6:40:09.550315
7.150370408003899%
time elapsed: 7:02:20.640861
7.338538050319792%
time elapsed: 7:13:25.910955
7.526705692635682%
time elapsed: 7:24:31.653131
7.714873334951575%
time elapsed: 7:35:37.383309
7.903040977267467%
time elapsed: 7:46:42.744408
8.091208619583359%
time elapsed: 7:57:48.270206
8.279376261899252%
time elapsed: 8:08:53.853461
8.467543904215145%
time elapsed: 8:19:58.488603
8.655711546531036%
time elapsed: 8:31:03.756011
8.843879188846927%
time elapsed: 8:42:09.361942
9.03204683116282%
time elapsed: 8:53:15.128537
9.220214473478713%
time elapsed: 9:04:19.773086
9.408382115794604%
time elapsed: 9:15:25.224085
9.596549758110495%
time elapsed: 9:26:30.468409
9.784717400426388%
time elapsed: 9:37:34.860758
9.97288504274228%
time elapsed: 9:48:40.384287
10.161052685058172%
time elapsed: 9:59:45.670044
10.349220327374065%
time elapsed: 10:10:51.117756
10.537387969689956%
time elapsed: 10:21:56.795749
10.725555612005849%
time elapsed: 10:33:02.449023
10.91372325432174%
time elapsed: 10:44:07.724414
11.290058538953526%
time elapsed: 11:06:17.115972
11.478226181269417%
time elapsed: 11:17:22.087739
11.666393823585308%
time elapsed: 11:28:27.706560
12.042729108217094%
time elapsed: 11:50:37.744566
12.230896750532985%
time elapsed: 12:01:43.068927
12.419064392848878%
time elapsed: 12:12:48.016559
12.60723203516477%
time elapsed: 12:23:59.305378
12.795399677480662%
time elapsed: 12:35:16.564253
12.983567319796553%
time elapsed: 12:46:32.795999
13.171734962112444%
time elapsed: 12:57:49.766499
13.54807024674423%
time elapsed: 13:20:25.448547
13.73623788906012%
time elapsed: 13:31:41.851059
13.924405531376014%
time elapsed: 13:42:58.722220
14.300740816007798%
time elapsed: 14:05:34.227885
14.48890845832369%
time elapsed: 14:16:51.454564
14.677076100639583%
time elapsed: 14:28:08.000069
14.865243742955474%
time elapsed: 14:39:24.790107
15.241579027587257%
time elapsed: 15:01:59.899458
15.42974666990315%
time elapsed: 15:13:16.050731
15.617914312219042%
time elapsed: 15:24:32.075947
15.994249596850826%
time elapsed: 15:47:06.278348
16.182417239166718%
time elapsed: 15:58:22.567395
16.37058488148261%
time elapsed: 16:09:38.932617
16.558752523798503%
time elapsed: 16:20:55.830249
16.746920166114396%
time elapsed: 16:32:13.171290
16.93508780843029%
time elapsed: 16:43:30.176222
17.12325545074618%
time elapsed: 16:54:46.568562
17.31142309306207%
time elapsed: 17:06:03.132169
17.49959073537796%
time elapsed: 17:17:20.961087
17.687758377693854%
time elapsed: 17:28:37.759110
17.875926020009747%
time elapsed: 17:39:55.143555
18.06409366232564%
time elapsed: 17:51:10.329740
18.252261304641532%
time elapsed: 18:02:27.809206
18.440428946957425%
time elapsed: 18:13:45.678342
18.628596589273315%
time elapsed: 18:25:02.832775
18.816764231589207%
time elapsed: 18:36:19.684645
19.19309951622099%
time elapsed: 18:58:53.498327
19.381267158536883%
time elapsed: 19:10:10.474060
19.569434800852775%
time elapsed: 19:21:26.780572
19.94577008548456%
time elapsed: 19:44:00.000217
20.13393772780045%
time elapsed: 19:55:16.882060
20.322105370116343%
time elapsed: 20:06:33.731205
20.510273012432236%
time elapsed: 20:17:50.726471
20.69844065474813%
time elapsed: 20:29:08.057260
20.886608297064022%
time elapsed: 20:40:26.195926
21.07477593937991%
time elapsed: 20:51:42.791093
21.262943581695804%
time elapsed: 21:02:59.755621
21.639278866327587%
time elapsed: 21:25:35.797777
