Loading data finished
Obtained Z
Obtained pos and neg ts
0:00:59.814179
Iterating...
0.1881676423158921%
time elapsed: 0:12:01.439482
0.3763352846317842%
time elapsed: 0:23:04.640493
0.7526705692635683%
time elapsed: 0:45:12.725161
0.9408382115794602%
time elapsed: 0:56:15.604902
1.1290058538953525%
time elapsed: 1:07:19.712958
1.3171734962112445%
time elapsed: 1:18:24.293587
1.5053411385271367%
time elapsed: 1:29:28.674248
1.6935087808430287%
time elapsed: 1:40:33.302774
1.8816764231589205%
time elapsed: 1:51:37.014697
2.069844065474813%
time elapsed: 2:02:41.855383
2.258011707790705%
time elapsed: 2:13:46.189908
2.446179350106597%
time elapsed: 2:24:50.238613
2.634346992422489%
time elapsed: 2:35:53.642951
2.8225146347383814%
time elapsed: 2:46:56.899695
3.0106822770542734%
time elapsed: 2:58:01.541140
3.1988499193701654%
time elapsed: 3:09:05.744147
3.3870175616860574%
time elapsed: 3:20:09.440247
3.5751852040019494%
time elapsed: 3:31:12.926937
3.9515204886337334%
time elapsed: 3:53:22.359464
4.139688130949626%
time elapsed: 4:04:26.235017
4.327855773265518%
time elapsed: 4:15:29.396938
4.704191057897302%
time elapsed: 4:37:39.679047
4.892358700213194%
time elapsed: 4:48:45.245140
5.080526342529086%
time elapsed: 4:59:50.023452
5.268693984844978%
time elapsed: 5:10:52.956585
5.45686162716087%
time elapsed: 5:21:57.174209
5.645029269476763%
time elapsed: 5:33:00.668135
5.833196911792654%
time elapsed: 5:44:04.820053
6.021364554108547%
time elapsed: 5:55:08.491353
6.209532196424439%
time elapsed: 6:06:13.096893
6.397699838740331%
time elapsed: 6:17:17.308982
6.585867481056222%
time elapsed: 6:28:22.260621
6.774035123372115%
time elapsed: 6:39:26.801375
7.150370408003899%
time elapsed: 7:01:35.908479
7.338538050319792%
time elapsed: 7:12:41.132001
7.526705692635682%
time elapsed: 7:23:46.058530
7.714873334951575%
time elapsed: 7:34:51.654424
7.903040977267467%
time elapsed: 7:45:56.846249
8.091208619583359%
time elapsed: 7:57:01.431381
8.279376261899252%
time elapsed: 8:08:05.350795
8.467543904215145%
time elapsed: 8:19:08.163623
8.655711546531036%
time elapsed: 8:30:12.154372
8.843879188846927%
time elapsed: 8:41:15.760567
9.03204683116282%
time elapsed: 8:52:20.375164
9.220214473478713%
time elapsed: 9:03:24.128857
9.408382115794604%
time elapsed: 9:14:28.610598
9.596549758110495%
time elapsed: 9:25:33.382990
9.784717400426388%
time elapsed: 9:36:36.879516
9.97288504274228%
time elapsed: 9:47:41.708472
10.161052685058172%
time elapsed: 9:58:46.071595
10.349220327374065%
time elapsed: 10:09:50.854650
10.537387969689956%
time elapsed: 10:20:55.534625
10.725555612005849%
time elapsed: 10:32:00.694753
10.91372325432174%
time elapsed: 10:43:05.393826
11.290058538953526%
time elapsed: 11:05:12.618517
11.478226181269417%
time elapsed: 11:16:16.986261
11.666393823585308%
time elapsed: 11:27:21.099451
12.042729108217094%
time elapsed: 11:49:29.135699
12.230896750532985%
time elapsed: 12:00:33.008907
12.419064392848878%
time elapsed: 12:11:36.976997
12.60723203516477%
time elapsed: 12:22:47.122166
12.795399677480662%
time elapsed: 12:34:02.476192
12.983567319796553%
time elapsed: 12:45:17.538207
13.171734962112444%
time elapsed: 12:56:32.981825
13.54807024674423%
time elapsed: 13:19:05.509024
13.73623788906012%
time elapsed: 13:30:21.075100
13.924405531376014%
time elapsed: 13:41:37.028479
14.300740816007798%
time elapsed: 14:04:10.255670
14.48890845832369%
time elapsed: 14:15:26.166997
14.677076100639583%
time elapsed: 14:26:41.546049
14.865243742955474%
time elapsed: 14:37:57.809811
15.241579027587257%
time elapsed: 15:00:30.027621
15.42974666990315%
time elapsed: 15:11:45.118166
15.617914312219042%
time elapsed: 15:23:00.219803
15.994249596850826%
time elapsed: 15:45:34.047374
16.182417239166718%
time elapsed: 15:56:50.615385
16.37058488148261%
time elapsed: 16:08:06.878434
16.558752523798503%
time elapsed: 16:19:23.116472
16.746920166114396%
time elapsed: 16:30:39.772887
16.93508780843029%
time elapsed: 16:41:56.336252
17.12325545074618%
time elapsed: 16:53:11.495431
17.31142309306207%
time elapsed: 17:04:26.473524
17.49959073537796%
time elapsed: 17:15:46.014815
17.687758377693854%
time elapsed: 17:27:01.383921
17.875926020009747%
time elapsed: 17:38:16.976672
18.06409366232564%
time elapsed: 17:49:30.937059
18.252261304641532%
time elapsed: 18:00:47.007121
18.440428946957425%
time elapsed: 18:12:03.276961
18.628596589273315%
time elapsed: 18:23:19.260699
18.816764231589207%
time elapsed: 18:34:34.470626
19.19309951622099%
time elapsed: 18:57:07.213182
19.381267158536883%
time elapsed: 19:08:23.129228
19.569434800852775%
time elapsed: 19:19:38.116968
19.94577008548456%
time elapsed: 19:42:08.623785
20.13393772780045%
time elapsed: 19:53:23.370127
20.322105370116343%
time elapsed: 20:04:38.712931
20.510273012432236%
time elapsed: 20:15:55.284720
20.69844065474813%
time elapsed: 20:27:10.678641
20.886608297064022%
time elapsed: 20:38:25.521035
21.07477593937991%
time elapsed: 20:49:41.092297
21.262943581695804%
time elapsed: 21:00:56.040635
21.639278866327587%
time elapsed: 21:23:26.924705
21.82744650864348%
time elapsed: 21:34:41.971656
22.015614150959372%
time elapsed: 21:45:57.745145
22.203781793275265%
time elapsed: 21:57:14.088793
22.391949435591158%
time elapsed: 22:08:29.650428
22.58011707790705%
time elapsed: 22:19:45.491930
22.768284720222944%
time elapsed: 22:31:01.490641
22.956452362538833%
time elapsed: 22:42:16.312838
23.332787647170615%
time elapsed: 23:04:48.299886
23.52095528948651%
time elapsed: 23:16:03.439009
23.7091229318024%
time elapsed: 23:27:18.537672
24.085458216434187%
time elapsed: 23:49:49.983195
24.273625858750076%
time elapsed: 1 day, 0:01:05.237098
24.46179350106597%
time elapsed: 1 day, 0:12:20.991896
24.649961143381862%
time elapsed: 1 day, 0:23:36.236645
24.838128785697755%
time elapsed: 1 day, 0:34:52.474622
25.026296428013644%
time elapsed: 1 day, 0:46:06.805987
25.21446407032954%
time elapsed: 1 day, 0:57:23.037172
25.590799354961323%
time elapsed: 1 day, 1:19:57.620284
25.778966997277212%
time elapsed: 1 day, 1:31:12.594063
25.967134639593105%
time elapsed: 1 day, 1:42:29.428131
26.155302281908998%
time elapsed: 1 day, 1:53:45.688288
26.343469924224888%
time elapsed: 1 day, 2:05:02.130460
26.531637566540784%
time elapsed: 1 day, 2:16:16.421524
26.719805208856673%
time elapsed: 1 day, 2:27:30.536286
26.907972851172566%
time elapsed: 1 day, 2:38:46.123739
27.09614049348846%
time elapsed: 1 day, 2:50:02.286935
27.284308135804352%
time elapsed: 1 day, 3:01:16.859860
27.47247577812024%
time elapsed: 1 day, 3:12:31.531026
27.660643420436138%
time elapsed: 1 day, 3:23:46.870368
27.848811062752027%
time elapsed: 1 day, 3:35:02.394669
28.036978705067916%
time elapsed: 1 day, 3:46:18.999752
28.225146347383813%
time elapsed: 1 day, 3:57:35.748828
28.413313989699702%
time elapsed: 1 day, 4:08:51.932403
28.789649274331484%
time elapsed: 1 day, 4:31:27.131736
28.97781691664738%
time elapsed: 1 day, 4:42:43.148419
29.16598455896327%
time elapsed: 1 day, 4:53:59.264618
29.354152201279167%
time elapsed: 1 day, 5:05:14.925531
29.542319843595056%
time elapsed: 1 day, 5:16:31.653483
29.73048748591095%
time elapsed: 1 day, 5:27:47.468714
29.91865512822684%
time elapsed: 1 day, 5:39:04.313048
30.106822770542728%
time elapsed: 1 day, 5:50:20.641662
30.483158055174513%
time elapsed: 1 day, 6:12:54.947245
30.67132569749041%
time elapsed: 1 day, 6:24:10.540583
30.8594933398063%
time elapsed: 1 day, 6:35:27.354119
31.235828624438085%
time elapsed: 1 day, 6:58:01.717954
31.423996266753978%
time elapsed: 1 day, 7:09:19.293483
31.612163909069867%
time elapsed: 1 day, 7:20:36.644629
31.800331551385764%
time elapsed: 1 day, 7:31:53.365161
31.988499193701653%
time elapsed: 1 day, 7:43:10.192215
32.176666836017546%
time elapsed: 1 day, 7:54:27.567766
32.364834478333435%
time elapsed: 1 day, 8:05:44.532152
32.553002120649325%
time elapsed: 1 day, 8:17:01.268494
32.74116976296522%
time elapsed: 1 day, 8:28:18.541003
32.92933740528111%
time elapsed: 1 day, 8:39:36.757041
33.11750504759701%
time elapsed: 1 day, 8:50:54.802225
33.305672689912896%
time elapsed: 1 day, 9:02:12.670793
33.49384033222879%
time elapsed: 1 day, 9:13:29.425677
33.68200797454468%
time elapsed: 1 day, 9:24:46.630446
33.87017561686058%
time elapsed: 1 day, 9:36:04.632084
34.05834325917647%
time elapsed: 1 day, 9:47:22.108870
34.24651090149236%
time elapsed: 1 day, 9:58:39.980303
34.43467854380825%
time elapsed: 1 day, 10:09:58.268352
34.62284618612414%
time elapsed: 1 day, 10:21:15.163512
34.81101382844003%
time elapsed: 1 day, 10:32:31.014730
34.99918147075592%
time elapsed: 1 day, 10:43:47.972729
35.18734911307182%
time elapsed: 1 day, 10:55:04.668749
35.37551675538771%
time elapsed: 1 day, 11:06:21.456963
35.563684397703604%
time elapsed: 1 day, 11:17:38.628123
35.75185204001949%
time elapsed: 1 day, 11:28:54.949380
36.12818732465128%
time elapsed: 1 day, 11:51:28.594928
36.31635496696717%
time elapsed: 1 day, 12:02:45.348637
36.504522609283065%
time elapsed: 1 day, 12:14:02.097402
36.692690251598954%
time elapsed: 1 day, 12:25:19.829535
36.88085789391485%
time elapsed: 1 day, 12:36:38.002777
37.06902553623074%
time elapsed: 1 day, 12:47:55.062774
37.25719317854663%
time elapsed: 1 day, 12:59:12.214486
37.445360820862525%
time elapsed: 1 day, 13:10:29.601510
37.633528463178415%
time elapsed: 1 day, 13:21:45.081963
37.821696105494304%
time elapsed: 1 day, 13:33:01.018282
38.00986374781019%
time elapsed: 1 day, 13:44:17.729191
38.19803139012609%
time elapsed: 1 day, 13:55:34.817592
38.38619903244198%
time elapsed: 1 day, 14:06:52.431010
38.574366674757876%
time elapsed: 1 day, 14:18:08.526704
38.762534317073765%
time elapsed: 1 day, 14:29:24.897399
38.95070195938966%
time elapsed: 1 day, 14:40:40.993624
39.13886960170555%
time elapsed: 1 day, 14:51:58.616389
39.32703724402145%
time elapsed: 1 day, 15:03:15.731994
39.51520488633734%
time elapsed: 1 day, 15:14:32.481620
39.70337252865323%
time elapsed: 1 day, 15:25:50.330639
40.07970781328501%
time elapsed: 1 day, 15:48:25.478307
40.2678754556009%
time elapsed: 1 day, 15:59:44.148489
40.45604309791679%
time elapsed: 1 day, 16:10:59.622762
40.832378382548576%
time elapsed: 1 day, 16:33:33.863692
41.02054602486447%
time elapsed: 1 day, 16:44:50.411500
41.20871366718036%
time elapsed: 1 day, 16:56:06.656793
41.39688130949626%
time elapsed: 1 day, 17:07:22.906229
41.58504895181215%
time elapsed: 1 day, 17:18:40.244147
41.773216594128044%
time elapsed: 1 day, 17:29:56.801394
41.961384236443934%
time elapsed: 1 day, 17:41:13.403014
42.14955187875982%
time elapsed: 1 day, 17:52:30.054453
42.33771952107572%
time elapsed: 1 day, 18:03:47.640603
42.52588716339161%
time elapsed: 1 day, 18:15:04.829236
42.714054805707505%
time elapsed: 1 day, 18:26:22.163075
42.902222448023394%
time elapsed: 1 day, 18:37:39.265859
43.27855773265517%
time elapsed: 1 day, 19:00:15.750147
43.46672537497107%
time elapsed: 1 day, 19:11:32.563850
43.65489301728696%
time elapsed: 1 day, 19:22:49.001373
43.843060659602855%
time elapsed: 1 day, 19:34:05.591802
44.031228301918745%
time elapsed: 1 day, 19:45:23.463481
44.219395944234634%
time elapsed: 1 day, 19:56:40.785565
44.40756358655053%
time elapsed: 1 day, 20:07:57.238333
44.59573122886642%
time elapsed: 1 day, 20:19:13.906193
44.783898871182316%
time elapsed: 1 day, 20:30:30.906617
44.972066513498206%
time elapsed: 1 day, 20:41:47.888823
45.1602341558141%
time elapsed: 1 day, 20:53:04.910033
45.34840179812999%
time elapsed: 1 day, 21:04:21.274532
45.72473708276178%
time elapsed: 1 day, 21:26:56.317086
45.91290472507767%
time elapsed: 1 day, 21:38:12.408415
46.101072367393556%
time elapsed: 1 day, 21:49:30.258100
46.289240009709445%
time elapsed: 1 day, 22:00:47.644445
46.47740765202534%
time elapsed: 1 day, 22:12:04.355980
46.66557529434123%
time elapsed: 1 day, 22:23:20.734776
46.85374293665713%
time elapsed: 1 day, 22:34:37.707360
47.04191057897302%
time elapsed: 1 day, 22:45:54.214500
47.23007822128891%
time elapsed: 1 day, 22:57:10.323851
47.4182458636048%
time elapsed: 1 day, 23:08:26.888808
47.6064135059207%
time elapsed: 1 day, 23:19:43.864991
47.79458114823659%
time elapsed: 1 day, 23:31:01.585621
48.170916432868374%
time elapsed: 1 day, 23:53:36.045509
48.35908407518426%
time elapsed: 2 days, 0:04:53.348285
48.54725171750015%
time elapsed: 2 days, 0:16:10.974015
48.92358700213194%
time elapsed: 2 days, 0:38:44.757411
49.11175464444783%
time elapsed: 2 days, 0:50:02.909780
49.299922286763724%
time elapsed: 2 days, 1:01:20.123203
49.488089929079614%
time elapsed: 2 days, 1:12:36.747683
49.67625757139551%
time elapsed: 2 days, 1:23:55.000137
49.8644252137114%
time elapsed: 2 days, 1:35:10.425676
50.05259285602729%
time elapsed: 2 days, 1:46:25.346229
50.42892814065908%
time elapsed: 2 days, 2:09:00.433717
50.617095782974964%
time elapsed: 2 days, 2:20:17.911841
50.80526342529086%
time elapsed: 2 days, 2:31:34.149932
50.99343106760676%
time elapsed: 2 days, 2:42:51.560700
51.369766352238535%
time elapsed: 2 days, 3:05:26.570135
51.557933994554425%
time elapsed: 2 days, 3:16:42.829826
51.74610163687032%
time elapsed: 2 days, 3:28:00.524744
52.1224369215021%
time elapsed: 2 days, 3:50:36.512471
52.310604563817996%
time elapsed: 2 days, 4:01:52.919460
52.49877220613389%
time elapsed: 2 days, 4:13:08.456148
52.686939848449775%
time elapsed: 2 days, 4:24:25.604071
52.87510749076567%
time elapsed: 2 days, 4:35:42.054141
53.06327513308157%
time elapsed: 2 days, 4:46:59.011087
53.251442775397464%
time elapsed: 2 days, 4:58:15.124382
53.43961041771335%
time elapsed: 2 days, 5:09:31.984169
53.62777806002924%
time elapsed: 2 days, 5:20:49.510785
53.81594570234513%
time elapsed: 2 days, 5:32:06.591564
54.00411334466102%
time elapsed: 2 days, 5:43:24.199768
54.19228098697692%
time elapsed: 2 days, 5:54:39.929651
54.38044862929281%
time elapsed: 2 days, 6:05:58.102123
54.568616271608704%
time elapsed: 2 days, 6:17:15.953778
54.756783913924586%
time elapsed: 2 days, 6:28:33.143647
54.94495155624048%
time elapsed: 2 days, 6:39:49.501182
55.321286840872276%
time elapsed: 2 days, 7:02:23.400561
55.50945448318816%
time elapsed: 2 days, 7:13:40.299464
55.697622125504054%
time elapsed: 2 days, 7:24:55.953294
56.07395741013583%
time elapsed: 2 days, 7:47:29.576978
56.26212505245173%
time elapsed: 2 days, 7:58:46.168482
56.450292694767626%
time elapsed: 2 days, 8:10:02.798117
56.638460337083515%
time elapsed: 2 days, 8:21:18.856751
56.826627979399404%
time elapsed: 2 days, 8:32:36.244502
57.014795621715294%
time elapsed: 2 days, 8:43:52.236614
57.20296326403119%
time elapsed: 2 days, 8:55:10.110370
57.39113090634709%
time elapsed: 2 days, 9:06:27.567883
57.767466190978865%
time elapsed: 2 days, 9:29:03.215355
57.95563383329476%
time elapsed: 2 days, 9:40:20.900378
58.143801475610644%
time elapsed: 2 days, 9:51:37.941989
58.33196911792654%
time elapsed: 2 days, 10:02:54.864889
58.52013676024244%
time elapsed: 2 days, 10:14:10.768247
58.70830440255833%
time elapsed: 2 days, 10:25:28.027490
58.896472044874216%
time elapsed: 2 days, 10:36:44.835256
59.08463968719011%
time elapsed: 2 days, 10:48:01.659969
59.27280732950601%
time elapsed: 2 days, 10:59:18.715241
59.4609749718219%
time elapsed: 2 days, 11:10:35.651118
59.64914261413779%
time elapsed: 2 days, 11:21:52.879808
59.83731025645368%
time elapsed: 2 days, 11:33:08.587995
60.213645541085455%
time elapsed: 2 days, 11:55:42.905295
60.40181318340135%
time elapsed: 2 days, 12:07:00.384412
60.58998082571725%
time elapsed: 2 days, 12:18:18.716727
60.778148468033145%
time elapsed: 2 days, 12:29:36.208611
60.96631611034903%
time elapsed: 2 days, 12:40:53.660375
61.15448375266492%
time elapsed: 2 days, 12:52:09.765719
61.34265139498082%
time elapsed: 2 days, 13:03:26.456687
61.530819037296716%
time elapsed: 2 days, 13:14:43.338859
61.7189866796126%
time elapsed: 2 days, 13:26:00.657702
61.907154321928495%
time elapsed: 2 days, 13:37:17.002595
62.09532196424439%
time elapsed: 2 days, 13:48:33.736665
62.28348960656027%
time elapsed: 2 days, 13:59:50.787608
62.65982489119206%
time elapsed: 2 days, 14:22:23.827094
62.847992533507956%
time elapsed: 2 days, 14:33:40.614045
63.03616017582384%
time elapsed: 2 days, 14:44:57.765795
63.224327818139734%
time elapsed: 2 days, 14:56:15.846380
63.41249546045563%
time elapsed: 2 days, 15:07:33.852035
63.60066310277153%
time elapsed: 2 days, 15:18:50.547563
63.78883074508741%
time elapsed: 2 days, 15:30:08.207110
63.976998387403306%
time elapsed: 2 days, 15:41:26.021735
64.1651660297192%
time elapsed: 2 days, 15:52:42.185045
64.35333367203509%
time elapsed: 2 days, 16:03:57.822802
64.54150131435098%
time elapsed: 2 days, 16:15:14.979106
64.91783659898277%
time elapsed: 2 days, 16:37:49.875042
65.10600424129865%
time elapsed: 2 days, 16:49:06.818434
65.29417188361455%
time elapsed: 2 days, 17:00:23.455914
65.48233952593044%
time elapsed: 2 days, 17:11:40.367147
65.67050716824635%
time elapsed: 2 days, 17:22:58.220496
65.85867481056222%
time elapsed: 2 days, 17:34:14.503713
66.04684245287812%
time elapsed: 2 days, 17:45:31.167084
66.23501009519401%
time elapsed: 2 days, 17:56:47.760326
66.61134537982579%
time elapsed: 2 days, 18:19:23.381193
66.79951302214168%
time elapsed: 2 days, 18:30:40.288661
66.98768066445759%
time elapsed: 2 days, 18:41:56.587703
67.36401594908936%
time elapsed: 2 days, 19:04:31.007246
67.55218359140525%
time elapsed: 2 days, 19:15:48.013291
67.74035123372116%
time elapsed: 2 days, 19:27:04.708711
67.92851887603703%
time elapsed: 2 days, 19:38:20.196967
68.11668651835294%
time elapsed: 2 days, 19:49:37.135747
68.30485416066882%
time elapsed: 2 days, 20:00:54.180188
68.49302180298471%
time elapsed: 2 days, 20:12:11.857409
68.6811894453006%
time elapsed: 2 days, 20:23:28.787184
68.8693570876165%
time elapsed: 2 days, 20:34:46.866770
69.0575247299324%
time elapsed: 2 days, 20:46:04.272250
69.24569237224829%
time elapsed: 2 days, 20:57:21.876352
69.43386001456417%
time elapsed: 2 days, 21:08:40.028019
69.62202765688006%
time elapsed: 2 days, 21:19:57.618156
69.81019529919597%
time elapsed: 2 days, 21:31:15.677692
69.99836294151184%
time elapsed: 2 days, 21:42:32.314565
70.18653058382775%
time elapsed: 2 days, 21:53:49.485032
70.56286586845953%
time elapsed: 2 days, 22:16:23.170818
70.75103351077541%
time elapsed: 2 days, 22:27:39.856903
70.93920115309132%
time elapsed: 2 days, 22:38:55.727490
71.12736879540721%
time elapsed: 2 days, 22:50:12.439665
71.3155364377231%
time elapsed: 2 days, 23:01:29.810272
71.50370408003899%
time elapsed: 2 days, 23:12:46.913855
71.69187172235489%
time elapsed: 2 days, 23:24:03.615522
71.88003936467078%
time elapsed: 2 days, 23:35:21.082031
72.25637464930256%
time elapsed: 2 days, 23:57:56.963908
72.44454229161845%
time elapsed: 3 days, 0:09:14.228337
72.63270993393434%
time elapsed: 3 days, 0:20:31.555744
72.82087757625023%
time elapsed: 3 days, 0:31:49.042588
73.00904521856613%
time elapsed: 3 days, 0:43:05.628230
73.19721286088202%
time elapsed: 3 days, 0:54:22.422992
73.38538050319791%
time elapsed: 3 days, 1:05:39.306610
73.5735481455138%
time elapsed: 3 days, 1:16:55.794192
73.7617157878297%
time elapsed: 3 days, 1:28:12.208316
73.94988343014558%
time elapsed: 3 days, 1:39:28.098180
74.13805107246148%
time elapsed: 3 days, 1:50:44.651725
74.32621871477737%
time elapsed: 3 days, 2:02:01.505309
74.70255399940915%
time elapsed: 3 days, 2:24:34.657797
74.89072164172505%
time elapsed: 3 days, 2:35:51.826192
75.07888928404094%
time elapsed: 3 days, 2:47:08.201006
75.26705692635683%
time elapsed: 3 days, 2:58:26.202392
75.45522456867272%
time elapsed: 3 days, 3:09:43.470770
75.64339221098861%
time elapsed: 3 days, 3:21:00.173351
75.83155985330451%
time elapsed: 3 days, 3:32:17.071247
76.20789513793629%
time elapsed: 3 days, 3:54:51.780215
76.39606278025218%
time elapsed: 3 days, 4:06:06.716509
76.58423042256808%
time elapsed: 3 days, 4:17:23.658974
76.96056570719986%
time elapsed: 3 days, 4:39:57.865192
77.14873334951575%
time elapsed: 3 days, 4:51:14.623002
77.33690099183164%
time elapsed: 3 days, 5:02:30.652717
77.52506863414753%
time elapsed: 3 days, 5:13:47.019766
77.71323627646342%
time elapsed: 3 days, 5:25:04.866052
77.90140391877932%
time elapsed: 3 days, 5:36:21.588533
78.08957156109521%
time elapsed: 3 days, 5:47:38.034093
78.2777392034111%
time elapsed: 3 days, 5:58:56.006098
78.46590684572699%
time elapsed: 3 days, 6:10:14.482275
78.6540744880429%
time elapsed: 3 days, 6:21:31.698972
78.84224213035877%
time elapsed: 3 days, 6:32:48.784924
79.03040977267467%
time elapsed: 3 days, 6:44:04.676723
79.40674505730647%
time elapsed: 3 days, 7:06:38.917077
79.59491269962234%
time elapsed: 3 days, 7:17:55.494930
79.78308034193824%
time elapsed: 3 days, 7:29:12.241472
79.97124798425413%
time elapsed: 3 days, 7:40:28.612818
80.15941562657002%
time elapsed: 3 days, 7:51:46.135900
80.34758326888591%
time elapsed: 3 days, 8:03:02.669208
80.5357509112018%
time elapsed: 3 days, 8:14:19.835737
80.7239185535177%
time elapsed: 3 days, 8:25:35.630050
80.91208619583358%
time elapsed: 3 days, 8:36:53.977904
81.10025383814948%
time elapsed: 3 days, 8:48:12.306824
81.28842148046537%
time elapsed: 3 days, 8:59:30.537607
81.47658912278128%
time elapsed: 3 days, 9:10:48.455512
81.85292440741306%
time elapsed: 3 days, 9:33:24.292338
82.04109204972895%
time elapsed: 3 days, 9:44:40.257018
82.22925969204483%
time elapsed: 3 days, 9:55:57.852040
82.60559497667663%
time elapsed: 3 days, 10:18:33.412147
82.79376261899252%
time elapsed: 3 days, 10:29:51.023895
82.9819302613084%
time elapsed: 3 days, 10:41:08.196332
83.1700979036243%
time elapsed: 3 days, 10:52:25.381866
83.35826554594018%
time elapsed: 3 days, 11:03:41.506137
83.54643318825609%
time elapsed: 3 days, 11:14:58.727485
83.73460083057196%
time elapsed: 3 days, 11:26:17.254580
83.92276847288787%
time elapsed: 3 days, 11:37:35.356668
84.11093611520376%
time elapsed: 3 days, 11:48:53.094570
84.29910375751965%
time elapsed: 3 days, 12:00:12.105654
84.48727139983554%
time elapsed: 3 days, 12:11:29.328032
84.67543904215144%
time elapsed: 3 days, 12:22:45.988485
85.05177432678322%
time elapsed: 3 days, 12:45:19.932646
85.2399419690991%
time elapsed: 3 days, 12:56:36.920018
85.42810961141501%
time elapsed: 3 days, 13:07:53.949333
85.6162772537309%
time elapsed: 3 days, 13:19:10.537146
85.80444489604679%
time elapsed: 3 days, 13:30:27.710647
85.99261253836268%
time elapsed: 3 days, 13:41:45.739710
86.18078018067857%
time elapsed: 3 days, 13:53:02.741256
86.36894782299446%
time elapsed: 3 days, 14:04:19.637860
86.74528310762625%
time elapsed: 3 days, 14:26:56.244391
86.93345074994214%
time elapsed: 3 days, 14:38:14.458293
87.12161839225803%
time elapsed: 3 days, 14:49:32.992844
87.30978603457392%
time elapsed: 3 days, 15:00:51.096077
87.49795367688982%
time elapsed: 3 days, 15:12:09.234544
87.68612131920571%
time elapsed: 3 days, 15:23:23.497313
87.8742889615216%
time elapsed: 3 days, 15:34:39.886038
88.2506242461534%
time elapsed: 3 days, 15:57:13.020458
88.43879188846927%
time elapsed: 3 days, 16:08:29.015583
88.62695953078517%
time elapsed: 3 days, 16:19:45.713569
88.81512717310106%
time elapsed: 3 days, 16:31:02.168950
89.00329481541695%
time elapsed: 3 days, 16:42:19.801175
89.19146245773284%
time elapsed: 3 days, 16:53:36.561669
89.37963010004873%
time elapsed: 3 days, 17:04:52.801841
89.56779774236463%
time elapsed: 3 days, 17:16:10.183944
89.75596538468052%
time elapsed: 3 days, 17:27:28.315419
89.94413302699641%
time elapsed: 3 days, 17:38:45.909254
90.1323006693123%
time elapsed: 3 days, 17:50:02.728612
90.3204683116282%
time elapsed: 3 days, 18:01:19.257354
90.50863595394408%
time elapsed: 3 days, 18:12:37.091630
90.69680359625998%
time elapsed: 3 days, 18:23:53.743148
90.88497123857587%
time elapsed: 3 days, 18:35:10.732107
91.07313888089178%
time elapsed: 3 days, 18:46:26.561242
91.44947416552355%
time elapsed: 3 days, 19:09:01.045485
91.63764180783944%
time elapsed: 3 days, 19:20:17.407913
91.82580945015533%
time elapsed: 3 days, 19:31:32.732181
92.20214473478711%
time elapsed: 3 days, 19:54:07.907218
92.39031237710302%
time elapsed: 3 days, 20:05:25.160270
92.57848001941889%
time elapsed: 3 days, 20:16:42.842219
92.7666476617348%
time elapsed: 3 days, 20:27:59.637013
92.95481530405068%
time elapsed: 3 days, 20:39:18.708155
93.14298294636659%
time elapsed: 3 days, 20:50:35.734043
93.33115058868246%
time elapsed: 3 days, 21:01:53.059295
93.51931823099837%
time elapsed: 3 days, 21:13:08.964302
93.89565351563014%
time elapsed: 3 days, 21:35:44.607861
94.08382115794603%
time elapsed: 3 days, 21:47:01.628130
94.27198880026194%
time elapsed: 3 days, 21:58:18.215746
94.64832408489372%
time elapsed: 3 days, 22:20:50.571520
94.8364917272096%
time elapsed: 3 days, 22:32:07.393232
95.0246593695255%
time elapsed: 3 days, 22:43:24.604388
95.2128270118414%
time elapsed: 3 days, 22:54:41.482972
95.40099465415727%
time elapsed: 3 days, 23:05:58.467959
95.58916229647318%
time elapsed: 3 days, 23:17:15.708627
95.77732993878907%
time elapsed: 3 days, 23:28:32.945867
95.96549758110496%
time elapsed: 3 days, 23:39:49.455001
96.15366522342084%
time elapsed: 3 days, 23:51:07.134235
96.34183286573675%
time elapsed: 4 days, 0:02:24.567493
96.53000050805264%
time elapsed: 4 days, 0:13:41.433470
96.71816815036853%
time elapsed: 4 days, 0:24:58.290369
96.90633579268442%
time elapsed: 4 days, 0:36:14.627606
97.0945034350003%
time elapsed: 4 days, 0:47:31.775272
97.28267107731621%
time elapsed: 4 days, 0:58:47.791359
97.4708387196321%
time elapsed: 4 days, 1:10:04.726984
97.65900636194799%
time elapsed: 4 days, 1:21:21.721051
97.84717400426388%
time elapsed: 4 days, 1:32:39.150945
98.03534164657977%
time elapsed: 4 days, 1:43:56.663738
98.22350928889566%
time elapsed: 4 days, 1:55:13.952936
98.41167693121156%
time elapsed: 4 days, 2:06:31.756411
98.78801221584334%
time elapsed: 4 days, 2:29:06.968940
98.97617985815923%
time elapsed: 4 days, 2:40:24.460743
99.16434750047513%
time elapsed: 4 days, 2:51:42.074652
99.54068278510691%
time elapsed: 4 days, 3:14:16.118253
99.7288504274228%
time elapsed: 4 days, 3:25:33.912153
99.91701806973869%
time elapsed: 4 days, 3:36:50.801827
100.10518571205458%
time elapsed: 4 days, 3:48:07.249858
100.29335335437048%
time elapsed: 4 days, 3:59:24.113988
100.48152099668637%
time elapsed: 4 days, 4:10:40.160063
100.66968863900226%
time elapsed: 4 days, 4:21:57.037108
101.04602392363404%
time elapsed: 4 days, 4:44:33.043321
101.23419156594993%
time elapsed: 4 days, 4:55:49.951859
101.42235920826583%
time elapsed: 4 days, 5:07:06.320254
101.61052685058172%
time elapsed: 4 days, 5:18:24.153530
101.79869449289762%
time elapsed: 4 days, 5:29:42.945519
101.98686213521351%
time elapsed: 4 days, 5:41:00.342269
102.17502977752939%
time elapsed: 4 days, 5:52:17.432653
102.36319741984529%
time elapsed: 4 days, 6:03:34.372952
102.73953270447707%
time elapsed: 4 days, 6:26:09.392847
102.92770034679297%
time elapsed: 4 days, 6:37:25.641516
103.11586798910885%
time elapsed: 4 days, 6:48:41.822961
103.49220327374064%
time elapsed: 4 days, 7:11:16.679737
103.68037091605653%
time elapsed: 4 days, 7:22:33.715747
103.86853855837242%
time elapsed: 4 days, 7:33:50.721071
104.05670620068832%
time elapsed: 4 days, 7:45:08.062225
104.2448738430042%
time elapsed: 4 days, 7:56:25.094333
104.4330414853201%
time elapsed: 4 days, 8:07:42.731256
104.62120912763599%
time elapsed: 4 days, 8:19:00.708982
104.80937676995188%
time elapsed: 4 days, 8:30:18.166005
104.99754441226779%
time elapsed: 4 days, 8:41:36.932692
105.18571205458368%
time elapsed: 4 days, 8:52:54.301802
105.37387969689955%
time elapsed: 4 days, 9:04:11.077036
105.56204733921545%
time elapsed: 4 days, 9:15:26.544505
105.75021498153134%
time elapsed: 4 days, 9:26:44.262973
105.93838262384723%
time elapsed: 4 days, 9:38:01.272041
106.12655026616314%
time elapsed: 4 days, 9:49:18.887655
106.31471790847901%
time elapsed: 4 days, 10:00:36.080565
106.6910531931108%
time elapsed: 4 days, 10:23:12.178351
106.8792208354267%
time elapsed: 4 days, 10:34:30.196259
107.0673884777426%
time elapsed: 4 days, 10:45:47.931553
107.44372376237436%
time elapsed: 4 days, 11:08:22.045635
107.63189140469026%
time elapsed: 4 days, 11:19:39.602724
107.82005904700615%
time elapsed: 4 days, 11:30:57.353155
108.00822668932204%
time elapsed: 4 days, 11:42:14.891619
108.38456197395384%
time elapsed: 4 days, 12:04:49.053975
108.57272961626974%
time elapsed: 4 days, 12:16:05.558181
108.76089725858562%
time elapsed: 4 days, 12:27:22.311429
108.9490649009015%
time elapsed: 4 days, 12:38:39.823979
109.13723254321741%
time elapsed: 4 days, 12:49:56.523476
109.3254001855333%
time elapsed: 4 days, 13:01:12.926535
109.51356782784917%
time elapsed: 4 days, 13:12:29.950376
109.70173547016509%
time elapsed: 4 days, 13:23:46.816979
109.88990311248097%
time elapsed: 4 days, 13:35:03.337329
110.07807075479685%
time elapsed: 4 days, 13:46:20.968984
110.26623839711276%
time elapsed: 4 days, 13:57:38.482986
110.45440603942865%
time elapsed: 4 days, 14:08:55.771163
110.83074132406043%
time elapsed: 4 days, 14:31:31.113571
111.01890896637632%
time elapsed: 4 days, 14:42:48.099623
111.20707660869222%
time elapsed: 4 days, 14:54:03.822178
111.583411893324%
time elapsed: 4 days, 15:16:37.310555
111.7715795356399%
time elapsed: 4 days, 15:27:55.139563
111.95974717795578%
time elapsed: 4 days, 15:39:12.486228
112.14791482027167%
time elapsed: 4 days, 15:50:28.872039
112.33608246258757%
time elapsed: 4 days, 16:01:46.888401
4 days, 16:11:36.726316
Finished iterations, saving results
