Loading data finished
Obtained Z
Obtained pos and neg ts
0:01:03.572050
Iterating...
0.1%
time elapsed: -1 day, 23:47:09.223804
0.2%
time elapsed: -1 day, 23:35:19.850978
0.3%
time elapsed: -1 day, 23:23:30.606374
0.4%
time elapsed: -1 day, 23:11:40.848429
0.5%
time elapsed: -1 day, 22:59:51.329607
0.6%
time elapsed: -1 day, 22:48:01.663316
0.7000000000000001%
time elapsed: -1 day, 22:36:11.877666
0.8%
time elapsed: -1 day, 22:24:21.832327
0.8999999999999999%
time elapsed: -1 day, 22:12:31.997827
1.0%
time elapsed: -1 day, 22:00:41.736510
1.0999999999999999%
time elapsed: -1 day, 21:48:52.596228
1.2%
time elapsed: -1 day, 21:37:04.309084
1.3%
time elapsed: -1 day, 21:25:14.916946
1.4000000000000001%
time elapsed: -1 day, 21:13:25.450526
1.5%
time elapsed: -1 day, 21:01:36.074313
1.6%
time elapsed: -1 day, 20:49:46.314516
1.7000000000000002%
time elapsed: -1 day, 20:37:57.556404
1.7999999999999998%
time elapsed: -1 day, 20:26:08.586181
1.9%
time elapsed: -1 day, 20:14:19.403310
2.0%
time elapsed: -1 day, 20:02:29.835957
2.1%
time elapsed: -1 day, 19:50:40.808887
2.1999999999999997%
time elapsed: -1 day, 19:38:51.967347
2.3%
time elapsed: -1 day, 19:27:03.843366
2.4%
time elapsed: -1 day, 19:15:14.549036
2.5%
time elapsed: -1 day, 19:03:25.579456
2.6%
time elapsed: -1 day, 18:51:36.661199
2.7%
time elapsed: -1 day, 18:39:46.824432
2.8000000000000003%
time elapsed: -1 day, 18:27:57.143779
2.9000000000000004%
time elapsed: -1 day, 18:16:07.323902
3.0%
time elapsed: -1 day, 18:04:16.405934
3.1%
time elapsed: -1 day, 17:52:26.015054
3.2%
time elapsed: -1 day, 17:40:36.035777
3.3000000000000003%
time elapsed: -1 day, 17:28:46.906632
3.4000000000000004%
time elapsed: -1 day, 17:16:58.500729
3.5000000000000004%
time elapsed: -1 day, 17:05:09.376939
3.5999999999999996%
time elapsed: -1 day, 16:53:19.732407
3.6999999999999997%
time elapsed: -1 day, 16:41:30.186105
3.8%
time elapsed: -1 day, 16:29:40.921728
3.9%
time elapsed: -1 day, 16:17:51.011251
4.0%
time elapsed: -1 day, 16:06:00.131905
4.1000000000000005%
time elapsed: -1 day, 15:54:09.591225
4.2%
time elapsed: -1 day, 15:42:19.518720
4.3%
time elapsed: -1 day, 15:30:29.379334
4.3999999999999995%
time elapsed: -1 day, 15:18:39.196250
4.5%
time elapsed: -1 day, 15:06:50.012346
4.6%
time elapsed: -1 day, 14:54:59.213585
4.7%
time elapsed: -1 day, 14:43:08.674965
4.8%
time elapsed: -1 day, 14:31:19.149011
4.9%
time elapsed: -1 day, 14:19:29.714689
5.0%
time elapsed: -1 day, 14:07:38.763457
5.1%
time elapsed: -1 day, 13:55:48.986511
5.2%
time elapsed: -1 day, 13:43:58.441913
5.3%
time elapsed: -1 day, 13:32:08.711124
5.4%
time elapsed: -1 day, 13:20:19.150122
5.5%
time elapsed: -1 day, 13:08:29.701097
5.6000000000000005%
time elapsed: -1 day, 12:56:40.761085
5.7%
time elapsed: -1 day, 12:44:50.976491
5.800000000000001%
time elapsed: -1 day, 12:33:01.225834
5.8999999999999995%
time elapsed: -1 day, 12:21:10.829802
6.0%
time elapsed: -1 day, 12:09:19.775736
6.1%
time elapsed: -1 day, 11:57:29.366716
6.2%
time elapsed: -1 day, 11:45:38.899200
6.3%
time elapsed: -1 day, 11:33:48.735624
6.4%
time elapsed: -1 day, 11:21:59.352241
6.5%
time elapsed: -1 day, 11:10:09.736292
6.6000000000000005%
time elapsed: -1 day, 10:58:20.138077
